<?xml version="1.0" encoding="UTF-8"?>
<coverage generated="1758025530433" clover="3.2.0">
  <project timestamp="1758025530433" name="All files">
    <metrics statements="44" coveredstatements="28" conditionals="25" coveredconditionals="14" methods="5" coveredmethods="3" elements="74" coveredelements="45" complexity="0" loc="44" ncloc="44" packages="1" files="1" classes="1"/>
    <file name="scheduleUtils.ts" path="/Users/onuegbuudochukwu/Documents/Udo/Desktop/FOR_DEPLOY/Apps/The-Nothing-App---Dual-Purpose-Mobile-Application-/utils/scheduleUtils.ts">
      <metrics statements="44" coveredstatements="28" conditionals="25" coveredconditionals="14" methods="5" coveredmethods="3"/>
      <line num="10" count="1" type="stmt"/>
      <line num="16" count="10" type="stmt"/>
      <line num="17" count="5" type="cond" truecount="1" falsecount="1"/>
      <line num="19" count="5" type="stmt"/>
      <line num="29" count="5" type="cond" truecount="1" falsecount="0"/>
      <line num="30" count="1" type="cond" truecount="1" falsecount="0"/>
      <line num="31" count="0" type="stmt"/>
      <line num="32" count="0" type="stmt"/>
      <line num="35" count="4" type="cond" truecount="1" falsecount="0"/>
      <line num="37" count="2" type="cond" truecount="2" falsecount="0"/>
      <line num="38" count="1" type="cond" truecount="1" falsecount="2"/>
      <line num="41" count="1" type="stmt"/>
      <line num="43" count="1" type="cond" truecount="1" falsecount="0"/>
      <line num="45" count="1" type="stmt"/>
      <line num="46" count="1" type="stmt"/>
      <line num="49" count="1" type="stmt"/>
      <line num="52" count="3" type="cond" truecount="1" falsecount="0"/>
      <line num="54" count="1" type="cond" truecount="1" falsecount="1"/>
      <line num="55" count="1" type="cond" truecount="0" falsecount="1"/>
      <line num="57" count="0" type="cond" truecount="0" falsecount="1"/>
      <line num="58" count="0" type="stmt"/>
      <line num="59" count="0" type="stmt"/>
      <line num="63" count="1" type="cond" truecount="2" falsecount="1"/>
      <line num="66" count="1" type="stmt"/>
      <line num="68" count="1" type="cond" truecount="0" falsecount="1"/>
      <line num="70" count="1" type="stmt"/>
      <line num="71" count="2" type="cond" truecount="1" falsecount="0"/>
      <line num="72" count="1" type="stmt"/>
      <line num="76" count="0" type="cond" truecount="0" falsecount="1"/>
      <line num="77" count="0" type="stmt"/>
      <line num="78" count="0" type="stmt"/>
      <line num="82" count="2" type="cond" truecount="1" falsecount="0"/>
      <line num="83" count="1" type="stmt"/>
      <line num="84" count="1" type="stmt"/>
      <line num="92" count="1" type="stmt"/>
      <line num="98" count="0" type="stmt"/>
      <line num="100" count="0" type="cond" truecount="0" falsecount="1"/>
      <line num="101" count="0" type="stmt"/>
      <line num="104" count="0" type="cond" truecount="0" falsecount="1"/>
      <line num="105" count="0" type="stmt"/>
      <line num="106" count="0" type="stmt"/>
      <line num="110" count="0" type="stmt"/>
      <line num="111" count="0" type="stmt"/>
      <line num="114" count="1" type="stmt"/>
    </file>
  </project>
</coverage>
