{"/Users/onuegbuudochukwu/Documents/Udo/Desktop/FOR_DEPLOY/Apps/The-Nothing-App---Dual-Purpose-Mobile-Application-/utils/scheduleUtils.ts": {"path":"/Users/onuegbuudochukwu/Documents/Udo/Desktop/FOR_DEPLOY/Apps/The-Nothing-App---Dual-Purpose-Mobile-Application-/utils/scheduleUtils.ts","statementMap":{"0":{"start":{"line":10,"column":0},"end":{"line":10,"column":16}},"1":{"start":{"line":92,"column":0},"end":{"line":92,"column":16}},"2":{"start":{"line":16,"column":19},"end":{"line":16,"column":62}},"3":{"start":{"line":16,"column":46},"end":{"line":16,"column":61}},"4":{"start":{"line":17,"column":14},"end":{"line":17,"column":48}},"5":{"start":{"line":19,"column":20},"end":{"line":26,"column":null}},"6":{"start":{"line":29,"column":2},"end":{"line":33,"column":3}},"7":{"start":{"line":30,"column":4},"end":{"line":30,"column":42}},"8":{"start":{"line":30,"column":25},"end":{"line":30,"column":42}},"9":{"start":{"line":31,"column":4},"end":{"line":31,"column":47}},"10":{"start":{"line":32,"column":4},"end":{"line":32,"column":21}},"11":{"start":{"line":35,"column":2},"end":{"line":50,"column":3}},"12":{"start":{"line":37,"column":22},"end":{"line":37,"column":69}},"13":{"start":{"line":37,"column":35},"end":{"line":37,"column":69}},"14":{"start":{"line":38,"column":4},"end":{"line":38,"column":66}},"15":{"start":{"line":38,"column":49},"end":{"line":38,"column":66}},"16":{"start":{"line":41,"column":15},"end":{"line":41,"column":34}},"17":{"start":{"line":43,"column":4},"end":{"line":43,"column":54}},"18":{"start":{"line":43,"column":21},"end":{"line":43,"column":54}},"19":{"start":{"line":45,"column":4},"end":{"line":47,"column":5}},"20":{"start":{"line":46,"column":6},"end":{"line":46,"column":39}},"21":{"start":{"line":49,"column":4},"end":{"line":49,"column":16}},"22":{"start":{"line":52,"column":2},"end":{"line":79,"column":3}},"23":{"start":{"line":54,"column":20},"end":{"line":54,"column":47}},"24":{"start":{"line":55,"column":4},"end":{"line":60,"column":5}},"25":{"start":{"line":57,"column":6},"end":{"line":57,"column":44}},"26":{"start":{"line":57,"column":27},"end":{"line":57,"column":44}},"27":{"start":{"line":58,"column":6},"end":{"line":58,"column":49}},"28":{"start":{"line":59,"column":6},"end":{"line":59,"column":23}},"29":{"start":{"line":63,"column":4},"end":{"line":63,"column":82}},"30":{"start":{"line":63,"column":65},"end":{"line":63,"column":82}},"31":{"start":{"line":66,"column":17},"end":{"line":66,"column":36}},"32":{"start":{"line":68,"column":4},"end":{"line":68,"column":54}},"33":{"start":{"line":68,"column":21},"end":{"line":68,"column":54}},"34":{"start":{"line":70,"column":4},"end":{"line":73,"column":5}},"35":{"start":{"line":70,"column":17},"end":{"line":70,"column":18}},"36":{"start":{"line":71,"column":6},"end":{"line":71,"column":55}},"37":{"start":{"line":71,"column":43},"end":{"line":71,"column":55}},"38":{"start":{"line":72,"column":6},"end":{"line":72,"column":39}},"39":{"start":{"line":76,"column":4},"end":{"line":76,"column":42}},"40":{"start":{"line":76,"column":25},"end":{"line":76,"column":42}},"41":{"start":{"line":77,"column":4},"end":{"line":77,"column":47}},"42":{"start":{"line":78,"column":4},"end":{"line":78,"column":21}},"43":{"start":{"line":82,"column":2},"end":{"line":82,"column":40}},"44":{"start":{"line":82,"column":23},"end":{"line":82,"column":40}},"45":{"start":{"line":83,"column":2},"end":{"line":83,"column":45}},"46":{"start":{"line":84,"column":2},"end":{"line":84,"column":19}},"47":{"start":{"line":98,"column":19},"end":{"line":98,"column":62}},"48":{"start":{"line":98,"column":46},"end":{"line":98,"column":61}},"49":{"start":{"line":100,"column":2},"end":{"line":102,"column":3}},"50":{"start":{"line":101,"column":4},"end":{"line":101,"column":58}},"51":{"start":{"line":104,"column":2},"end":{"line":107,"column":3}},"52":{"start":{"line":105,"column":17},"end":{"line":105,"column":60}},"53":{"start":{"line":106,"column":4},"end":{"line":106,"column":33}},"54":{"start":{"line":110,"column":15},"end":{"line":110,"column":52}},"55":{"start":{"line":111,"column":2},"end":{"line":111,"column":31}},"56":{"start":{"line":114,"column":0},"end":{"line":117,"column":2}}},"fnMap":{"0":{"name":"getNextOccurrence","decl":{"start":{"line":10,"column":16},"end":{"line":10,"column":33}},"loc":{"start":{"line":14,"column":17},"end":{"line":85,"column":1}}},"1":{"name":"(anonymous_1)","decl":{"start":{"line":16,"column":39},"end":{"line":16,"column":40}},"loc":{"start":{"line":16,"column":46},"end":{"line":16,"column":61}}},"2":{"name":"(anonymous_2)","decl":{"start":{"line":37,"column":22},"end":{"line":37,"column":23}},"loc":{"start":{"line":37,"column":35},"end":{"line":37,"column":69}}},"3":{"name":"buildNotificationTrigger","decl":{"start":{"line":92,"column":16},"end":{"line":92,"column":40}},"loc":{"start":{"line":96,"column":17},"end":{"line":112,"column":1}}},"4":{"name":"(anonymous_4)","decl":{"start":{"line":98,"column":39},"end":{"line":98,"column":40}},"loc":{"start":{"line":98,"column":46},"end":{"line":98,"column":61}}}},"branchMap":{"0":{"loc":{"start":{"line":17,"column":14},"end":{"line":17,"column":48}},"type":"cond-expr","locations":[{"start":{"line":17,"column":21},"end":{"line":17,"column":35}},{"start":{"line":17,"column":38},"end":{"line":17,"column":48}}]},"1":{"loc":{"start":{"line":29,"column":2},"end":{"line":33,"column":3}},"type":"if","locations":[{"start":{"line":29,"column":2},"end":{"line":33,"column":3}}]},"2":{"loc":{"start":{"line":30,"column":4},"end":{"line":30,"column":42}},"type":"if","locations":[{"start":{"line":30,"column":4},"end":{"line":30,"column":42}}]},"3":{"loc":{"start":{"line":35,"column":2},"end":{"line":50,"column":3}},"type":"if","locations":[{"start":{"line":35,"column":2},"end":{"line":50,"column":3}}]},"4":{"loc":{"start":{"line":37,"column":35},"end":{"line":37,"column":69}},"type":"binary-expr","locations":[{"start":{"line":37,"column":35},"end":{"line":37,"column":50}},{"start":{"line":37,"column":54},"end":{"line":37,"column":69}}]},"5":{"loc":{"start":{"line":38,"column":4},"end":{"line":38,"column":66}},"type":"if","locations":[{"start":{"line":38,"column":4},"end":{"line":38,"column":66}}]},"6":{"loc":{"start":{"line":38,"column":8},"end":{"line":38,"column":47}},"type":"binary-expr","locations":[{"start":{"line":38,"column":8},"end":{"line":38,"column":23}},{"start":{"line":38,"column":27},"end":{"line":38,"column":47}}]},"7":{"loc":{"start":{"line":43,"column":4},"end":{"line":43,"column":54}},"type":"if","locations":[{"start":{"line":43,"column":4},"end":{"line":43,"column":54}}]},"8":{"loc":{"start":{"line":52,"column":2},"end":{"line":79,"column":3}},"type":"if","locations":[{"start":{"line":52,"column":2},"end":{"line":79,"column":3}}]},"9":{"loc":{"start":{"line":54,"column":21},"end":{"line":54,"column":31}},"type":"binary-expr","locations":[{"start":{"line":54,"column":21},"end":{"line":54,"column":25}},{"start":{"line":54,"column":29},"end":{"line":54,"column":31}}]},"10":{"loc":{"start":{"line":55,"column":4},"end":{"line":60,"column":5}},"type":"if","locations":[{"start":{"line":55,"column":4},"end":{"line":60,"column":5}}]},"11":{"loc":{"start":{"line":57,"column":6},"end":{"line":57,"column":44}},"type":"if","locations":[{"start":{"line":57,"column":6},"end":{"line":57,"column":44}}]},"12":{"loc":{"start":{"line":63,"column":4},"end":{"line":63,"column":82}},"type":"if","locations":[{"start":{"line":63,"column":4},"end":{"line":63,"column":82}}]},"13":{"loc":{"start":{"line":63,"column":8},"end":{"line":63,"column":63}},"type":"binary-expr","locations":[{"start":{"line":63,"column":8},"end":{"line":63,"column":23}},{"start":{"line":63,"column":27},"end":{"line":63,"column":63}}]},"14":{"loc":{"start":{"line":68,"column":4},"end":{"line":68,"column":54}},"type":"if","locations":[{"start":{"line":68,"column":4},"end":{"line":68,"column":54}}]},"15":{"loc":{"start":{"line":71,"column":6},"end":{"line":71,"column":55}},"type":"if","locations":[{"start":{"line":71,"column":6},"end":{"line":71,"column":55}}]},"16":{"loc":{"start":{"line":76,"column":4},"end":{"line":76,"column":42}},"type":"if","locations":[{"start":{"line":76,"column":4},"end":{"line":76,"column":42}}]},"17":{"loc":{"start":{"line":82,"column":2},"end":{"line":82,"column":40}},"type":"if","locations":[{"start":{"line":82,"column":2},"end":{"line":82,"column":40}}]},"18":{"loc":{"start":{"line":100,"column":2},"end":{"line":102,"column":3}},"type":"if","locations":[{"start":{"line":100,"column":2},"end":{"line":102,"column":3}}]},"19":{"loc":{"start":{"line":104,"column":2},"end":{"line":107,"column":3}},"type":"if","locations":[{"start":{"line":104,"column":2},"end":{"line":107,"column":3}}]}},"s":{"0":1,"1":1,"2":5,"3":10,"4":5,"5":5,"6":5,"7":1,"8":1,"9":0,"10":0,"11":4,"12":1,"13":2,"14":1,"15":0,"16":1,"17":1,"18":1,"19":1,"20":1,"21":1,"22":3,"23":1,"24":1,"25":0,"26":0,"27":0,"28":0,"29":1,"30":0,"31":1,"32":1,"33":0,"34":1,"35":1,"36":2,"37":1,"38":1,"39":0,"40":0,"41":0,"42":0,"43":2,"44":1,"45":1,"46":1,"47":0,"48":0,"49":0,"50":0,"51":0,"52":0,"53":0,"54":0,"55":0,"56":1},"f":{"0":5,"1":10,"2":2,"3":0,"4":0},"b":{"0":[5,0],"1":[1],"2":[1],"3":[1],"4":[2,1],"5":[0],"6":[1,0],"7":[1],"8":[1],"9":[1,0],"10":[0],"11":[0],"12":[0],"13":[1,1],"14":[0],"15":[1],"16":[0],"17":[1],"18":[0],"19":[0]}}
}
