TN:
SF:utils/scheduleUtils.ts
FN:10,getNextOccurrence
FN:16,(anonymous_1)
FN:37,(anonymous_2)
FN:92,buildNotificationTrigger
FN:98,(anonymous_4)
FNF:5
FNH:3
FNDA:5,getNextOccurrence
FNDA:10,(anonymous_1)
FNDA:2,(anonymous_2)
FNDA:0,buildNotificationTrigger
FNDA:0,(anonymous_4)
DA:10,1
DA:16,10
DA:17,5
DA:19,5
DA:29,5
DA:30,1
DA:31,0
DA:32,0
DA:35,4
DA:37,2
DA:38,1
DA:41,1
DA:43,1
DA:45,1
DA:46,1
DA:49,1
DA:52,3
DA:54,1
DA:55,1
DA:57,0
DA:58,0
DA:59,0
DA:63,1
DA:66,1
DA:68,1
DA:70,1
DA:71,2
DA:72,1
DA:76,0
DA:77,0
DA:78,0
DA:82,2
DA:83,1
DA:84,1
DA:92,1
DA:98,0
DA:100,0
DA:101,0
DA:104,0
DA:105,0
DA:106,0
DA:110,0
DA:111,0
DA:114,1
LF:44
LH:28
BRDA:17,0,0,5
BRDA:17,0,1,0
BRDA:29,1,0,1
BRDA:30,2,0,1
BRDA:35,3,0,1
BRDA:37,4,0,2
BRDA:37,4,1,1
BRDA:38,5,0,0
BRDA:38,6,0,1
BRDA:38,6,1,0
BRDA:43,7,0,1
BRDA:52,8,0,1
BRDA:54,9,0,1
BRDA:54,9,1,0
BRDA:55,10,0,0
BRDA:57,11,0,0
BRDA:63,12,0,0
BRDA:63,13,0,1
BRDA:63,13,1,1
BRDA:68,14,0,0
BRDA:71,15,0,1
BRDA:76,16,0,0
BRDA:82,17,0,1
BRDA:100,18,0,0
BRDA:104,19,0,0
BRF:25
BRH:14
end_of_record
